2023-02-06 22:02:650 INFO  LoginPage :41 - Click on login button[[ChromeDriver: chrome on WINDOWS (ead851daedef6befb3ef55175afa2c73)] -> xpath: //button[@type='submit']]
2023-02-06 22:02:08 INFO  LoginPage :41 - Click on login button[[ChromeDriver: chrome on WINDOWS (8e11b14370e222e1303ed9c7bf1a2580)] -> xpath: //button[@type='submit']]
2023-02-06 22:02:219 INFO  LoginPage :38 - click on OrangeHrmLogo[[ChromeDriver: chrome on WINDOWS (8e11b14370e222e1303ed9c7bf1a2580)] -> xpath: //nav[@class='oxd-navbar-nav']/div[1]/a]
2023-02-06 22:02:424 INFO  LoginPage :41 - Click on login button[[ChromeDriver: chrome on WINDOWS (e45cf4519efdc84821896b3ab2694c4c)] -> xpath: //button[@type='submit']]
2023-02-06 22:02:681 INFO  LoginPage :59 - click on user profile logo[[ChromeDriver: chrome on WINDOWS (e45cf4519efdc84821896b3ab2694c4c)] -> xpath: //img[@class='oxd-userdropdown-img']]
2023-02-07 10:02:893 INFO  LoginPage :41 - Click on login button[[ChromeDriver: chrome on WINDOWS (bf436b3f1181ad984975094567d5e454)] -> xpath: //button[@type='submit']]
2023-02-07 10:02:381 INFO  LoginPage :44 - click on Admin tab[[ChromeDriver: chrome on WINDOWS (bf436b3f1181ad984975094567d5e454)] -> xpath: //ul[@class='oxd-main-menu']/li[1]/a[1]/span]
2023-02-07 10:02:308 INFO  LoginPage :72 - click on Add Button[[ChromeDriver: chrome on WINDOWS (bf436b3f1181ad984975094567d5e454)] -> xpath: //div[@class='orangehrm-header-container']/button]
2023-02-07 10:02:884 INFO  LoginPage :41 - Click on login button[[ChromeDriver: chrome on WINDOWS (3f9091580fd6cc66f96b16b27b0dd341)] -> xpath: //button[@type='submit']]
2023-02-07 10:02:60 INFO  LoginPage :44 - click on Admin tab[[ChromeDriver: chrome on WINDOWS (3f9091580fd6cc66f96b16b27b0dd341)] -> xpath: //ul[@class='oxd-main-menu']/li[1]/a[1]/span]
2023-02-07 10:02:12 INFO  LoginPage :72 - click on Add Button[[ChromeDriver: chrome on WINDOWS (3f9091580fd6cc66f96b16b27b0dd341)] -> xpath: //div[@class='orangehrm-header-container']/button]
2023-02-07 10:02:106 INFO  LoginPage :41 - Click on login button[[ChromeDriver: chrome on WINDOWS (d8a330f82fb66d6f4bdac6f58653f0c6)] -> xpath: //button[@type='submit']]
2023-02-07 10:02:352 INFO  LoginPage :44 - click on Admin tab[[ChromeDriver: chrome on WINDOWS (d8a330f82fb66d6f4bdac6f58653f0c6)] -> xpath: //ul[@class='oxd-main-menu']/li[1]/a[1]/span]
2023-02-07 10:02:888 INFO  LoginPage :72 - click on Add Button[[ChromeDriver: chrome on WINDOWS (d8a330f82fb66d6f4bdac6f58653f0c6)] -> xpath: //div[@class='orangehrm-header-container']/button]
2023-02-07 10:02:666 INFO  LoginPage :41 - Click on login button[[ChromeDriver: chrome on WINDOWS (8eb7f7259826ef09d0d2670dbcee398b)] -> xpath: //button[@type='submit']]
2023-02-07 10:02:46 INFO  LoginPage :44 - click on Admin tab[[ChromeDriver: chrome on WINDOWS (8eb7f7259826ef09d0d2670dbcee398b)] -> xpath: //ul[@class='oxd-main-menu']/li[1]/a[1]/span]
2023-02-07 10:02:904 INFO  LoginPage :72 - click on Add Button[[ChromeDriver: chrome on WINDOWS (8eb7f7259826ef09d0d2670dbcee398b)] -> xpath: //div[@class='orangehrm-header-container']/button]
2023-02-07 10:02:449 INFO  LoginPage :54 - enter password[[ChromeDriver: chrome on WINDOWS (8eb7f7259826ef09d0d2670dbcee398b)] -> xpath: //div[@class='orangehrm-card-container']/form/div[2]/div/div[1]/div[1]/div[2]/input]
2023-02-07 10:02:585 INFO  LoginPage :58 - enter confirm password[[ChromeDriver: chrome on WINDOWS (8eb7f7259826ef09d0d2670dbcee398b)] -> xpath: //div[@class='orangehrm-card-container']/form/div[2]/div/div[2]]
2023-02-07 10:02:349 INFO  LoginPage :41 - Click on login button[[ChromeDriver: chrome on WINDOWS (96a766fb768d3a1a69b3c87b95098453)] -> xpath: //button[@type='submit']]
2023-02-07 10:02:548 INFO  LoginPage :44 - click on Admin tab[[ChromeDriver: chrome on WINDOWS (96a766fb768d3a1a69b3c87b95098453)] -> xpath: //ul[@class='oxd-main-menu']/li[1]/a[1]/span]
2023-02-07 10:02:252 INFO  LoginPage :72 - click on Add Button[[ChromeDriver: chrome on WINDOWS (96a766fb768d3a1a69b3c87b95098453)] -> xpath: //div[@class='orangehrm-header-container']/button]
2023-02-07 10:02:180 INFO  LoginPage :54 - enter password[[ChromeDriver: chrome on WINDOWS (96a766fb768d3a1a69b3c87b95098453)] -> xpath: //div[@class='orangehrm-card-container']/form/div[2]/div/div[1]/div[1]/div[2]/input]
2023-02-07 10:02:310 INFO  LoginPage :58 - enter confirm password[[ChromeDriver: chrome on WINDOWS (96a766fb768d3a1a69b3c87b95098453)] -> xpath: //div[@class='orangehrm-card-container']/form/div[2]/div/div[2]]
2023-02-07 10:02:335 INFO  LoginPage :41 - Click on login button[[ChromeDriver: chrome on WINDOWS (62f33ecdb1749ebed5a8cef85b90f272)] -> xpath: //button[@type='submit']]
2023-02-07 10:02:765 INFO  LoginPage :44 - click on Admin tab[[ChromeDriver: chrome on WINDOWS (62f33ecdb1749ebed5a8cef85b90f272)] -> xpath: //ul[@class='oxd-main-menu']/li[1]/a[1]/span]
2023-02-07 10:02:663 INFO  LoginPage :72 - click on Add Button[[ChromeDriver: chrome on WINDOWS (62f33ecdb1749ebed5a8cef85b90f272)] -> xpath: //div[@class='orangehrm-header-container']/button]
2023-02-07 10:02:797 INFO  LoginPage :54 - enter password[[ChromeDriver: chrome on WINDOWS (62f33ecdb1749ebed5a8cef85b90f272)] -> xpath: //div[@class='orangehrm-card-container']/form/div[2]/div/div[1]/div[1]/div[2]/input]
2023-02-07 10:02:926 INFO  LoginPage :58 - enter confirm password[[ChromeDriver: chrome on WINDOWS (62f33ecdb1749ebed5a8cef85b90f272)] -> xpath: //*[@id="app"]/div[1]/div[2]/div[2]/div/div/form/div[2]/div/div[2]/div/div[2]/input]
2023-02-07 10:02:34 INFO  LoginPage :62 - click on save button [[ChromeDriver: chrome on WINDOWS (62f33ecdb1749ebed5a8cef85b90f272)] -> xpath: //button[@class='oxd-button oxd-button--medium oxd-button--secondary orangehrm-left-space']]
2023-02-07 10:02:446 INFO  LoginPage :41 - Click on login button[[ChromeDriver: chrome on WINDOWS (caae46abb62c94e5298ae2ecc7a4bf5d)] -> xpath: //button[@type='submit']]
2023-02-07 10:02:801 INFO  LoginPage :44 - click on Admin tab[[ChromeDriver: chrome on WINDOWS (caae46abb62c94e5298ae2ecc7a4bf5d)] -> xpath: //ul[@class='oxd-main-menu']/li[1]/a[1]/span]
2023-02-07 10:02:564 INFO  LoginPage :60 - click on status dropdown[[ChromeDriver: chrome on WINDOWS (caae46abb62c94e5298ae2ecc7a4bf5d)] -> xpath: //*[@id="app"]/div[1]/div[2]/div[2]/div/div[1]/div[2]/form/div[1]/div/div[4]/div/div[2]/div/div/div[2]/i]
2023-02-07 10:02:636 INFO  LoginPage :64 - click on Search Button[[ChromeDriver: chrome on WINDOWS (caae46abb62c94e5298ae2ecc7a4bf5d)] -> xpath: //button[@class='oxd-button oxd-button--medium oxd-button--secondary orangehrm-left-space']]
2023-02-07 10:02:833 INFO  LoginPage :41 - Click on login button[[ChromeDriver: chrome on WINDOWS (3acbac922e7af82053d853398acc1bb2)] -> xpath: //button[@type='submit']]
2023-02-07 10:02:102 INFO  LoginPage :44 - click on Admin tab[[ChromeDriver: chrome on WINDOWS (3acbac922e7af82053d853398acc1bb2)] -> xpath: //ul[@class='oxd-main-menu']/li[1]/a[1]/span]
2023-02-07 10:02:995 INFO  LoginPage :60 - click on status dropdown[[ChromeDriver: chrome on WINDOWS (3acbac922e7af82053d853398acc1bb2)] -> xpath: //*[@id="app"]/div[1]/div[2]/div[2]/div/div[1]/div[2]/form/div[1]/div/div[4]/div/div[2]/div/div/div[2]/i]
2023-02-07 10:02:658 INFO  LoginPage :41 - Click on login button[[ChromeDriver: chrome on WINDOWS (b094d99e1c5c72ba42445b31df522c26)] -> xpath: //button[@type='submit']]
2023-02-07 10:02:922 INFO  LoginPage :44 - click on Admin tab[[ChromeDriver: chrome on WINDOWS (b094d99e1c5c72ba42445b31df522c26)] -> xpath: //ul[@class='oxd-main-menu']/li[1]/a[1]/span]
2023-02-07 10:02:522 INFO  LoginPage :60 - click on status dropdown[[ChromeDriver: chrome on WINDOWS (b094d99e1c5c72ba42445b31df522c26)] -> xpath: //*[@id="app"]/div[1]/div[2]/div[2]/div/div[1]/div[2]/form/div[1]/div/div[4]/div/div[2]/div/div/div[2]/i]
2023-02-07 10:02:577 INFO  LoginPage :64 - click on Search Button[[ChromeDriver: chrome on WINDOWS (b094d99e1c5c72ba42445b31df522c26)] -> xpath: //button[@class='oxd-button oxd-button--medium oxd-button--secondary orangehrm-left-space']]
2023-02-07 10:02:614 INFO  LoginPage :41 - Click on login button[[ChromeDriver: chrome on WINDOWS (ad2f369d4afe3fb1b2381caff86eba40)] -> xpath: //button[@type='submit']]
2023-02-07 10:02:843 INFO  LoginPage :44 - click on Admin tab[[ChromeDriver: chrome on WINDOWS (ad2f369d4afe3fb1b2381caff86eba40)] -> xpath: //ul[@class='oxd-main-menu']/li[1]/a[1]/span]
2023-02-07 10:02:597 INFO  LoginPage :60 - click on status dropdown[[ChromeDriver: chrome on WINDOWS (ad2f369d4afe3fb1b2381caff86eba40)] -> xpath: //*[@id="app"]/div[1]/div[2]/div[2]/div/div[1]/div[2]/form/div[1]/div/div[4]/div/div[2]/div/div/div[2]/i]
2023-02-07 10:02:580 INFO  LoginPage :41 - Click on login button[[ChromeDriver: chrome on WINDOWS (e43d6422a9e21e502fc9be89084f3d72)] -> xpath: //button[@type='submit']]
2023-02-07 10:02:837 INFO  LoginPage :44 - click on Admin tab[[ChromeDriver: chrome on WINDOWS (e43d6422a9e21e502fc9be89084f3d72)] -> xpath: //ul[@class='oxd-main-menu']/li[1]/a[1]/span]
2023-02-07 10:02:635 INFO  LoginPage :62 - click on status dropdown[[ChromeDriver: chrome on WINDOWS (e43d6422a9e21e502fc9be89084f3d72)] -> xpath: //*[@id="app"]/div[1]/div[2]/div[2]/div/div[1]/div[2]/form/div[1]/div/div[4]/div/div[2]/div/div/div[2]/i]
2023-02-07 10:02:178 INFO  LoginPage :41 - Click on login button[[ChromeDriver: chrome on WINDOWS (977ead6535c0f637c75a192cfab3e9c6)] -> xpath: //button[@type='submit']]
2023-02-07 10:02:441 INFO  LoginPage :44 - click on Admin tab[[ChromeDriver: chrome on WINDOWS (977ead6535c0f637c75a192cfab3e9c6)] -> xpath: //ul[@class='oxd-main-menu']/li[1]/a[1]/span]
2023-02-07 10:02:298 INFO  LoginPage :78 - click on delete buttonProxy element for: DefaultElementLocator 'By.xpath: //button[@class='oxd-button oxd-button--medium oxd-button--label-danger orangehrm-horizontal-margin']'
2023-02-07 10:02:244 INFO  LoginPage :41 - Click on login button[[ChromeDriver: chrome on WINDOWS (5ad85b679bc0193ca510baa761cb43c4)] -> xpath: //button[@type='submit']]
2023-02-07 10:02:779 INFO  LoginPage :44 - click on Admin tab[[ChromeDriver: chrome on WINDOWS (5ad85b679bc0193ca510baa761cb43c4)] -> xpath: //ul[@class='oxd-main-menu']/li[1]/a[1]/span]
2023-02-07 10:02:621 INFO  LoginPage :55 - select from user role dropdown[[ChromeDriver: chrome on WINDOWS (5ad85b679bc0193ca510baa761cb43c4)] -> xpath: //div[@id="app"]/div[1]/div[2]/div[2]/div/div[1]/div[2]/form/div[1]/div/div[2]/div/div[2]/div/div/div[2]]
2023-02-07 10:02:745 INFO  LoginPage :62 - click on status dropdown[[ChromeDriver: chrome on WINDOWS (5ad85b679bc0193ca510baa761cb43c4)] -> xpath: //*[@id="app"]/div[1]/div[2]/div[2]/div/div[1]/div[2]/form/div[1]/div/div[4]/div/div[2]/div/div/div[2]/i]
2023-02-07 10:02:794 INFO  LoginPage :66 - click on Search Button[[ChromeDriver: chrome on WINDOWS (5ad85b679bc0193ca510baa761cb43c4)] -> xpath: //button[@class='oxd-button oxd-button--medium oxd-button--secondary orangehrm-left-space']]
2023-02-07 11:02:472 INFO  LoginPage :41 - Click on login button[[ChromeDriver: chrome on WINDOWS (7300ce3e170bba273f1638959566d3c9)] -> xpath: //button[@type='submit']]
2023-02-07 11:02:650 INFO  LoginPage :44 - click on Admin tab[[ChromeDriver: chrome on WINDOWS (7300ce3e170bba273f1638959566d3c9)] -> xpath: //ul[@class='oxd-main-menu']/li[1]/a[1]/span]
2023-02-07 11:02:533 INFO  LoginPage :63 - click on status dropdown[[ChromeDriver: chrome on WINDOWS (7300ce3e170bba273f1638959566d3c9)] -> xpath: //*[@id="app"]/div[1]/div[2]/div[2]/div/div[1]/div[2]/form/div[1]/div/div[4]/div/div[2]/div/div/div[2]/i]
2023-02-07 11:02:37 INFO  LoginPage :41 - Click on login button[[ChromeDriver: chrome on WINDOWS (420e9fad66624e8a8512027b8b4dc8ca)] -> xpath: //button[@type='submit']]
2023-02-07 11:02:354 INFO  LoginPage :44 - click on Admin tab[[ChromeDriver: chrome on WINDOWS (420e9fad66624e8a8512027b8b4dc8ca)] -> xpath: //ul[@class='oxd-main-menu']/li[1]/a[1]/span]
2023-02-07 11:02:358 INFO  LoginPage :63 - click on status dropdown[[ChromeDriver: chrome on WINDOWS (420e9fad66624e8a8512027b8b4dc8ca)] -> xpath: //*[@id="app"]/div[1]/div[2]/div[2]/div/div[1]/div[2]/form/div[1]/div/div[4]/div/div[2]/div/div/div[2]/i]
2023-02-07 11:02:408 INFO  LoginPage :67 - click on Search Button[[ChromeDriver: chrome on WINDOWS (420e9fad66624e8a8512027b8b4dc8ca)] -> xpath: //*[@id="app"]/div[1]/div[2]/div[2]/div/div[1]/div[2]/form/div[2]/button[2]]
2023-02-07 11:02:432 INFO  LoginPage :41 - Click on login button[[ChromeDriver: chrome on WINDOWS (8a9cd6a8f1a04b85da80d8cd113cca3a)] -> xpath: //button[@type='submit']]
2023-02-07 11:02:800 INFO  LoginPage :44 - click on Admin tab[[ChromeDriver: chrome on WINDOWS (8a9cd6a8f1a04b85da80d8cd113cca3a)] -> xpath: //ul[@class='oxd-main-menu']/li[1]/a[1]/span]
2023-02-07 11:02:98 INFO  LoginPage :63 - click on status dropdown[[ChromeDriver: chrome on WINDOWS (8a9cd6a8f1a04b85da80d8cd113cca3a)] -> xpath: //*[@id="app"]/div[1]/div[2]/div[2]/div/div[1]/div[2]/form/div[1]/div/div[4]/div/div[2]/div/div/div[2]/i]
2023-02-07 11:02:823 INFO  LoginPage :41 - Click on login button[[ChromeDriver: chrome on WINDOWS (fee6a5d3e88229773e0cf6191a6cf218)] -> xpath: //button[@type='submit']]
2023-02-07 11:02:188 INFO  LoginPage :44 - click on Admin tab[[ChromeDriver: chrome on WINDOWS (fee6a5d3e88229773e0cf6191a6cf218)] -> xpath: //ul[@class='oxd-main-menu']/li[1]/a[1]/span]
2023-02-07 11:02:211 INFO  LoginPage :63 - click on status dropdown[[ChromeDriver: chrome on WINDOWS (fee6a5d3e88229773e0cf6191a6cf218)] -> xpath: //*[@id="app"]/div[1]/div[2]/div[2]/div/div[1]/div[2]/form/div[1]/div/div[4]/div/div[2]/div/div/div[2]/i]
2023-02-07 11:02:269 INFO  LoginPage :67 - click on Search Button[[ChromeDriver: chrome on WINDOWS (fee6a5d3e88229773e0cf6191a6cf218)] -> xpath: //div[@class='oxd-form-actions']/button[2]]
2023-02-07 11:02:128 INFO  LoginPage :41 - Click on login button[[ChromeDriver: chrome on WINDOWS (ec1cd3db2a5129f58081d1791239f21e)] -> xpath: //button[@type='submit']]
2023-02-07 11:02:306 INFO  LoginPage :44 - click on Admin tab[[ChromeDriver: chrome on WINDOWS (ec1cd3db2a5129f58081d1791239f21e)] -> xpath: //ul[@class='oxd-main-menu']/li[1]/a[1]/span]
2023-02-07 11:02:705 INFO  LoginPage :41 - Click on login button[[ChromeDriver: chrome on WINDOWS (7dc2752b0448f15402259be1db8b754a)] -> xpath: //button[@type='submit']]
2023-02-07 11:02:893 INFO  LoginPage :44 - click on Admin tab[[ChromeDriver: chrome on WINDOWS (7dc2752b0448f15402259be1db8b754a)] -> xpath: //ul[@class='oxd-main-menu']/li[1]/a[1]/span]
2023-02-07 11:02:839 INFO  LoginPage :63 - click on status dropdown[[ChromeDriver: chrome on WINDOWS (7dc2752b0448f15402259be1db8b754a)] -> xpath: //*[@id="app"]/div[1]/div[2]/div[2]/div/div[1]/div[2]/form/div[1]/div/div[4]/div/div[2]/div/div/div[2]/i]
2023-02-07 11:02:08 INFO  LoginPage :41 - Click on login button[[ChromeDriver: chrome on WINDOWS (5a45f9919469012b3684b768ef9df5c4)] -> xpath: //button[@type='submit']]
2023-02-07 11:02:162 INFO  LoginPage :44 - click on Admin tab[[ChromeDriver: chrome on WINDOWS (5a45f9919469012b3684b768ef9df5c4)] -> xpath: //ul[@class='oxd-main-menu']/li[1]/a[1]/span]
2023-02-07 11:02:907 INFO  LoginPage :63 - click on status dropdown[[ChromeDriver: chrome on WINDOWS (5a45f9919469012b3684b768ef9df5c4)] -> xpath: //*[@id="app"]/div[1]/div[2]/div[2]/div/div[1]/div[2]/form/div[1]/div/div[4]/div/div[2]/div/div/div[2]/i]
2023-02-07 11:02:958 INFO  LoginPage :67 - click on Search Button[[ChromeDriver: chrome on WINDOWS (5a45f9919469012b3684b768ef9df5c4)] -> xpath: //button[@type='submit']]
2023-02-07 11:02:617 INFO  LoginPage :41 - Click on login button[[ChromeDriver: chrome on WINDOWS (70d51ee2e173824b265e83865cc445f2)] -> xpath: //button[@type='submit']]
2023-02-07 11:02:839 INFO  LoginPage :44 - click on Admin tab[[ChromeDriver: chrome on WINDOWS (70d51ee2e173824b265e83865cc445f2)] -> xpath: //ul[@class='oxd-main-menu']/li[1]/a[1]/span]
2023-02-07 11:02:787 INFO  LoginPage :63 - click on status dropdown[[ChromeDriver: chrome on WINDOWS (70d51ee2e173824b265e83865cc445f2)] -> xpath: //*[@id="app"]/div[1]/div[2]/div[2]/div/div[1]/div[2]/form/div[1]/div/div[4]/div/div[2]/div/div/div[2]/i]
2023-02-07 11:02:840 INFO  LoginPage :67 - click on Search Button[[ChromeDriver: chrome on WINDOWS (70d51ee2e173824b265e83865cc445f2)] -> xpath: //button[@type='submit']]
2023-02-07 11:02:440 INFO  LoginPage :41 - Click on login button[[ChromeDriver: chrome on WINDOWS (5acb5958c5caeee350c52dbdab639d9e)] -> xpath: //button[@type='submit']]
2023-02-07 11:02:756 INFO  LoginPage :44 - click on Admin tab[[ChromeDriver: chrome on WINDOWS (5acb5958c5caeee350c52dbdab639d9e)] -> xpath: //ul[@class='oxd-main-menu']/li[1]/a[1]/span]
2023-02-07 11:02:431 INFO  LoginPage :79 - click on delete buttonProxy element for: DefaultElementLocator 'By.xpath: //button[@class='oxd-button oxd-button--medium oxd-button--label-danger orangehrm-horizontal-margin']'
2023-02-07 11:02:27 INFO  LoginPage :41 - Click on login button[[ChromeDriver: chrome on WINDOWS (46c579419a31a53a7d3bc2fe0f0f06e0)] -> xpath: //button[@type='submit']]
2023-02-07 11:02:319 INFO  LoginPage :44 - click on Admin tab[[ChromeDriver: chrome on WINDOWS (46c579419a31a53a7d3bc2fe0f0f06e0)] -> xpath: //ul[@class='oxd-main-menu']/li[1]/a[1]/span]
2023-02-07 11:02:948 INFO  LoginPage :65 - click on status dropdown[[ChromeDriver: chrome on WINDOWS (46c579419a31a53a7d3bc2fe0f0f06e0)] -> xpath: //*[@id="app"]/div[1]/div[2]/div[2]/div/div[1]/div[2]/form/div[1]/div/div[4]/div/div[2]/div/div/div[2]/i]
2023-02-07 11:02:45 INFO  LoginPage :69 - click on Search Button[[ChromeDriver: chrome on WINDOWS (46c579419a31a53a7d3bc2fe0f0f06e0)] -> xpath: //button[@type='submit']]
2023-02-07 11:02:810 INFO  LoginPage :41 - Click on login button[[ChromeDriver: chrome on WINDOWS (8b4d302e299e7ac1d57dcc736dac137b)] -> xpath: //button[@type='submit']]
2023-02-07 11:02:987 INFO  LoginPage :44 - click on Admin tab[[ChromeDriver: chrome on WINDOWS (8b4d302e299e7ac1d57dcc736dac137b)] -> xpath: //ul[@class='oxd-main-menu']/li[1]/a[1]/span]
2023-02-07 11:02:912 INFO  LoginPage :65 - click on status dropdown[[ChromeDriver: chrome on WINDOWS (8b4d302e299e7ac1d57dcc736dac137b)] -> xpath: //*[@id="app"]/div[1]/div[2]/div[2]/div/div[1]/div[2]/form/div[1]/div/div[4]/div/div[2]/div/div/div[2]/i]
2023-02-07 11:02:968 INFO  LoginPage :69 - click on Search Button[[ChromeDriver: chrome on WINDOWS (8b4d302e299e7ac1d57dcc736dac137b)] -> xpath: //button[@type='submit']]
2023-02-07 12:02:555 INFO  LoginPage :41 - Click on login button[[ChromeDriver: chrome on WINDOWS (78b4005d3d0cb1880bce372ffd10a97f)] -> xpath: //button[@type='submit']]
2023-02-07 12:02:732 INFO  LoginPage :44 - click on Admin tab[[ChromeDriver: chrome on WINDOWS (78b4005d3d0cb1880bce372ffd10a97f)] -> xpath: //ul[@class='oxd-main-menu']/li[1]/a[1]/span]
2023-02-07 12:02:628 INFO  LoginPage :65 - click on status dropdown[[ChromeDriver: chrome on WINDOWS (78b4005d3d0cb1880bce372ffd10a97f)] -> xpath: //*[@id="app"]/div[1]/div[2]/div[2]/div/div[1]/div[2]/form/div[1]/div/div[4]/div/div[2]/div/div/div[2]/i]
2023-02-07 12:02:247 INFO  LoginPage :41 - Click on login button[[ChromeDriver: chrome on WINDOWS (55fc3c18db180c9e659b189fe80563c9)] -> xpath: //button[@type='submit']]
2023-02-07 12:02:434 INFO  LoginPage :44 - click on Admin tab[[ChromeDriver: chrome on WINDOWS (55fc3c18db180c9e659b189fe80563c9)] -> xpath: //ul[@class='oxd-main-menu']/li[1]/a[1]/span]
2023-02-07 12:02:324 INFO  LoginPage :65 - clicking on status dropdown[[ChromeDriver: chrome on WINDOWS (55fc3c18db180c9e659b189fe80563c9)] -> xpath: //*[@id="app"]/div[1]/div[2]/div[2]/div/div[1]/div[2]/form/div[1]/div/div[4]/div/div[2]/div/div/div[2]/i]
2023-02-07 12:02:434 INFO  LoginPage :69 - clicking on Search Button[[ChromeDriver: chrome on WINDOWS (55fc3c18db180c9e659b189fe80563c9)] -> xpath: //button[@type='submit']]
2023-02-07 13:02:526 INFO  LoginPage :41 - Click on login button[[ChromeDriver: chrome on WINDOWS (8e99c16118903f33335fa11aa010bce1)] -> xpath: //button[@type='submit']]
2023-02-07 13:02:698 INFO  LoginPage :44 - click on Admin tab[[ChromeDriver: chrome on WINDOWS (8e99c16118903f33335fa11aa010bce1)] -> xpath: //ul[@class='oxd-main-menu']/li[1]/a[1]/span]
2023-02-07 13:02:599 INFO  LoginPage :65 - clicking on status dropdown[[ChromeDriver: chrome on WINDOWS (8e99c16118903f33335fa11aa010bce1)] -> xpath: //*[@id="app"]/div[1]/div[2]/div[2]/div/div[1]/div[2]/form/div[1]/div/div[4]/div/div[2]/div/div/div[2]/i]
2023-02-07 13:02:728 INFO  LoginPage :41 - Click on login button[[ChromeDriver: chrome on WINDOWS (bfd22211632f02c7ac3b51bfd24c66a3)] -> xpath: //button[@type='submit']]
2023-02-07 13:02:291 INFO  LoginPage :44 - click on Admin tab[[ChromeDriver: chrome on WINDOWS (bfd22211632f02c7ac3b51bfd24c66a3)] -> xpath: //ul[@class='oxd-main-menu']/li[1]/a[1]/span]
2023-02-07 13:02:67 INFO  LoginPage :77 - click on Add Button[[ChromeDriver: chrome on WINDOWS (bfd22211632f02c7ac3b51bfd24c66a3)] -> xpath: //div[@class='orangehrm-header-container']/button]
2023-02-07 13:02:433 INFO  LoginPage :54 - enter password[[ChromeDriver: chrome on WINDOWS (bfd22211632f02c7ac3b51bfd24c66a3)] -> xpath: //div[@class='orangehrm-card-container']/form/div[2]/div/div[1]/div[1]/div[2]/input]
2023-02-07 13:02:535 INFO  LoginPage :58 - enter confirm password[[ChromeDriver: chrome on WINDOWS (bfd22211632f02c7ac3b51bfd24c66a3)] -> xpath: //*[@id="app"]/div[1]/div[2]/div[2]/div/div/form/div[2]/div/div[2]/div/div[2]/input]
2023-02-07 13:02:640 INFO  LoginPage :62 - click on save button [[ChromeDriver: chrome on WINDOWS (bfd22211632f02c7ac3b51bfd24c66a3)] -> xpath: //button[@class='oxd-button oxd-button--medium oxd-button--secondary orangehrm-left-space']]
2023-02-07 13:02:161 INFO  LoginPage :41 - Click on login button[[ChromeDriver: chrome on WINDOWS (3af61edce68d647330f453cc4611d5ab)] -> xpath: //button[@type='submit']]
2023-02-07 13:02:528 INFO  LoginPage :44 - click on Admin tab[[ChromeDriver: chrome on WINDOWS (3af61edce68d647330f453cc4611d5ab)] -> xpath: //ul[@class='oxd-main-menu']/li[1]/a[1]/span]
2023-02-07 13:02:133 INFO  LoginPage :65 - clicking on status dropdown[[ChromeDriver: chrome on WINDOWS (3af61edce68d647330f453cc4611d5ab)] -> xpath: //*[@id="app"]/div[1]/div[2]/div[2]/div/div[1]/div[2]/form/div[1]/div/div[4]/div/div[2]/div/div/div[2]/i]
2023-02-07 13:02:998 INFO  LoginPage :41 - Click on login button[[ChromeDriver: chrome on WINDOWS (c5e676e6dcf66439d685d0c73924326e)] -> xpath: //button[@type='submit']]
2023-02-07 13:02:292 INFO  LoginPage :44 - click on Admin tab[[ChromeDriver: chrome on WINDOWS (c5e676e6dcf66439d685d0c73924326e)] -> xpath: //ul[@class='oxd-main-menu']/li[1]/a[1]/span]
2023-02-07 13:02:460 INFO  LoginPage :65 - clicking on status dropdown[[ChromeDriver: chrome on WINDOWS (c5e676e6dcf66439d685d0c73924326e)] -> xpath: //*[@id="app"]/div[1]/div[2]/div[2]/div/div[1]/div[2]/form/div[1]/div/div[4]/div/div[2]/div/div/div[2]/i]
2023-02-07 13:02:521 INFO  LoginPage :69 - clicking on Search Button[[ChromeDriver: chrome on WINDOWS (c5e676e6dcf66439d685d0c73924326e)] -> xpath: //button[@type='submit']]
2023-02-07 13:02:955 INFO  LoginPage :41 - Click on login button[[ChromeDriver: chrome on WINDOWS (2c128a264f29abfe1bc60e5304ee18d9)] -> xpath: //button[@type='submit']]
2023-02-07 13:02:350 INFO  LoginPage :44 - click on Admin tab[[ChromeDriver: chrome on WINDOWS (2c128a264f29abfe1bc60e5304ee18d9)] -> xpath: //ul[@class='oxd-main-menu']/li[1]/a[1]/span]
2023-02-07 13:02:701 INFO  LoginPage :65 - clicking on status dropdown[[ChromeDriver: chrome on WINDOWS (2c128a264f29abfe1bc60e5304ee18d9)] -> xpath: //*[@id="app"]/div[1]/div[2]/div[2]/div/div[1]/div[2]/form/div[1]/div/div[4]/div/div[2]/div/div/div[2]/i]
2023-02-07 13:02:115 INFO  LoginPage :41 - Click on login button[[ChromeDriver: chrome on WINDOWS (75f4ff634a64645d1570785247349c22)] -> xpath: //button[@type='submit']]
2023-02-07 13:02:569 INFO  LoginPage :59 - click on user profile logo[[ChromeDriver: chrome on WINDOWS (75f4ff634a64645d1570785247349c22)] -> xpath: //img[@class='oxd-userdropdown-img']]
2023-02-07 13:02:990 INFO  LoginPage :41 - Click on login button[[ChromeDriver: chrome on WINDOWS (8a4fd89bcee6a2c85aa294d69251ca5b)] -> xpath: //button[@type='submit']]
2023-02-07 13:02:864 INFO  LoginPage :41 - Click on login button[[ChromeDriver: chrome on WINDOWS (2cf4e0b59743728cbafb024e422ed4f7)] -> xpath: //button[@type='submit']]
2023-02-07 13:02:323 INFO  LoginPage :44 - click on Admin tab[[ChromeDriver: chrome on WINDOWS (2cf4e0b59743728cbafb024e422ed4f7)] -> xpath: //ul[@class='oxd-main-menu']/li[1]/a[1]/span]
2023-02-07 13:02:363 INFO  LoginPage :41 - Click on login button[[ChromeDriver: chrome on WINDOWS (f8cad4d9b658e6378001fa0deffd0c2f)] -> xpath: //button[@type='submit']]
2023-02-07 13:02:441 INFO  LoginPage :38 - click on OrangeHrmLogo[[ChromeDriver: chrome on WINDOWS (f8cad4d9b658e6378001fa0deffd0c2f)] -> xpath: //nav[@class='oxd-navbar-nav']/div[1]/a]
2023-02-07 13:02:859 INFO  LoginPage :41 - Click on login button[[ChromeDriver: chrome on WINDOWS (e660a3c16c519d151be9a90991375dcc)] -> xpath: //button[@type='submit']]
2023-02-07 13:02:942 INFO  LoginPage :38 - click on OrangeHrmLogo[[ChromeDriver: chrome on WINDOWS (e660a3c16c519d151be9a90991375dcc)] -> xpath: //nav[@class='oxd-navbar-nav']/div[1]/a]
2023-02-07 13:02:971 INFO  LoginPage :41 - Click on login button[[ChromeDriver: chrome on WINDOWS (90c248e6b6687abcd54e5a97eda19a0b)] -> xpath: //button[@type='submit']]
2023-02-07 13:02:43 INFO  LoginPage :60 - click on user profile logo[[ChromeDriver: chrome on WINDOWS (90c248e6b6687abcd54e5a97eda19a0b)] -> xpath: //img[@class='oxd-userdropdown-img']]
2023-02-07 13:02:865 INFO  LoginPage :41 - Click on login button[[ChromeDriver: chrome on WINDOWS (27ea03f8c9d94ce43ba7d9f5667ce088)] -> xpath: //button[@type='submit']]
2023-02-07 13:02:333 INFO  LoginPage :41 - Click on login button[[ChromeDriver: chrome on WINDOWS (6e9c6d12526f979d59c8ffe2eac85681)] -> xpath: //button[@type='submit']]
2023-02-07 13:02:433 INFO  LoginPage :45 - click on Admin tab[[ChromeDriver: chrome on WINDOWS (6e9c6d12526f979d59c8ffe2eac85681)] -> xpath: //ul[@class='oxd-main-menu']/li[1]/a[1]/span]
2023-02-07 13:02:906 INFO  LoginPage :77 - click on Add Button[[ChromeDriver: chrome on WINDOWS (6e9c6d12526f979d59c8ffe2eac85681)] -> xpath: //div[@class='orangehrm-header-container']/button]
2023-02-07 13:02:785 INFO  LoginPage :54 - enter password[[ChromeDriver: chrome on WINDOWS (6e9c6d12526f979d59c8ffe2eac85681)] -> xpath: //div[@class='orangehrm-card-container']/form/div[2]/div/div[1]/div[1]/div[2]/input]
2023-02-07 13:02:858 INFO  LoginPage :58 - enter confirm password[[ChromeDriver: chrome on WINDOWS (6e9c6d12526f979d59c8ffe2eac85681)] -> xpath: //*[@id="app"]/div[1]/div[2]/div[2]/div/div/form/div[2]/div/div[2]/div/div[2]/input]
2023-02-07 13:02:919 INFO  LoginPage :62 - click on save button [[ChromeDriver: chrome on WINDOWS (6e9c6d12526f979d59c8ffe2eac85681)] -> xpath: //button[@class='oxd-button oxd-button--medium oxd-button--secondary orangehrm-left-space']]
2023-02-07 13:02:321 INFO  LoginPage :41 - Click on login button[[ChromeDriver: chrome on WINDOWS (e141c1145630c99ed0e5126f9c41ee2c)] -> xpath: //button[@type='submit']]
2023-02-07 13:02:456 INFO  LoginPage :45 - click on Admin tab[[ChromeDriver: chrome on WINDOWS (e141c1145630c99ed0e5126f9c41ee2c)] -> xpath: //ul[@class='oxd-main-menu']/li[1]/a[1]/span]
2023-02-07 13:02:314 INFO  LoginPage :65 - clicking on status dropdown[[ChromeDriver: chrome on WINDOWS (e141c1145630c99ed0e5126f9c41ee2c)] -> xpath: //*[@id="app"]/div[1]/div[2]/div[2]/div/div[1]/div[2]/form/div[1]/div/div[4]/div/div[2]/div/div/div[2]/i]
2023-02-07 13:02:506 INFO  LoginPage :41 - Click on login button[[ChromeDriver: chrome on WINDOWS (a83e16f443e77167d3a7276840ca3509)] -> xpath: //button[@type='submit']]
2023-02-07 13:02:691 INFO  LoginPage :45 - click on Admin tab[[ChromeDriver: chrome on WINDOWS (a83e16f443e77167d3a7276840ca3509)] -> xpath: //ul[@class='oxd-main-menu']/li[1]/a[1]/span]
2023-02-07 13:02:436 INFO  LoginPage :65 - clicking on status dropdown[[ChromeDriver: chrome on WINDOWS (a83e16f443e77167d3a7276840ca3509)] -> xpath: //*[@id="app"]/div[1]/div[2]/div[2]/div/div[1]/div[2]/form/div[1]/div/div[4]/div/div[2]/div/div/div[2]/i]
2023-02-07 13:02:480 INFO  LoginPage :69 - clicking on Search Button[[ChromeDriver: chrome on WINDOWS (a83e16f443e77167d3a7276840ca3509)] -> xpath: //button[@type='submit']]
2023-02-07 13:02:895 INFO  LoginPage :41 - Click on login button[[ChromeDriver: chrome on WINDOWS (8a920148a491414957319ebde9ba7d1a)] -> xpath: //button[@type='submit']]
2023-02-07 13:02:924 INFO  LoginPage :45 - click on Admin tab[[ChromeDriver: chrome on WINDOWS (8a920148a491414957319ebde9ba7d1a)] -> xpath: //ul[@class='oxd-main-menu']/li[1]/a[1]/span]
2023-02-07 13:02:469 INFO  LoginPage :65 - clicking on status dropdown[[ChromeDriver: chrome on WINDOWS (8a920148a491414957319ebde9ba7d1a)] -> xpath: //*[@id="app"]/div[1]/div[2]/div[2]/div/div[1]/div[2]/form/div[1]/div/div[4]/div/div[2]/div/div/div[2]/i]
2023-02-07 13:02:889 INFO  LoginPage :41 - Click on login button[[ChromeDriver: chrome on WINDOWS (e39fe86d444f0fce54aaf891e1552121)] -> xpath: //button[@type='submit']]
2023-02-07 13:02:49 INFO  LoginPage :38 - click on OrangeHrmLogo[[ChromeDriver: chrome on WINDOWS (e39fe86d444f0fce54aaf891e1552121)] -> xpath: //nav[@class='oxd-navbar-nav']/div[1]/a]
2023-02-07 13:02:898 INFO  LoginPage :41 - Click on login button[[ChromeDriver: chrome on WINDOWS (a977b2a98dca7d6c2286a20c8f084f07)] -> xpath: //button[@type='submit']]
2023-02-07 13:02:915 INFO  LoginPage :60 - click on user profile logo[[ChromeDriver: chrome on WINDOWS (a977b2a98dca7d6c2286a20c8f084f07)] -> xpath: //img[@class='oxd-userdropdown-img']]
2023-02-07 13:02:249 INFO  LoginPage :41 - Click on login button[[ChromeDriver: chrome on WINDOWS (3f8c409772452a36f050302153bea4ed)] -> xpath: //button[@type='submit']]
2023-02-07 13:02:719 INFO  LoginPage :41 - Click on login button[[ChromeDriver: chrome on WINDOWS (6908449631e5b75853af2be88bd055e3)] -> xpath: //button[@type='submit']]
2023-02-07 13:02:819 INFO  LoginPage :45 - click on Admin tab[[ChromeDriver: chrome on WINDOWS (6908449631e5b75853af2be88bd055e3)] -> xpath: //ul[@class='oxd-main-menu']/li[1]/a[1]/span]
2023-02-07 13:02:532 INFO  LoginPage :77 - click on Add Button[[ChromeDriver: chrome on WINDOWS (6908449631e5b75853af2be88bd055e3)] -> xpath: //div[@class='orangehrm-header-container']/button]
2023-02-07 13:02:360 INFO  LoginPage :54 - enter password[[ChromeDriver: chrome on WINDOWS (6908449631e5b75853af2be88bd055e3)] -> xpath: //div[@class='orangehrm-card-container']/form/div[2]/div/div[1]/div[1]/div[2]/input]
2023-02-07 13:02:412 INFO  LoginPage :58 - enter confirm password[[ChromeDriver: chrome on WINDOWS (6908449631e5b75853af2be88bd055e3)] -> xpath: //*[@id="app"]/div[1]/div[2]/div[2]/div/div/form/div[2]/div/div[2]/div/div[2]/input]
2023-02-07 13:02:460 INFO  LoginPage :62 - click on save button [[ChromeDriver: chrome on WINDOWS (6908449631e5b75853af2be88bd055e3)] -> xpath: //button[@class='oxd-button oxd-button--medium oxd-button--secondary orangehrm-left-space']]
2023-02-07 13:02:992 INFO  LoginPage :41 - Click on login button[[ChromeDriver: chrome on WINDOWS (91b67fa555c0a232c9757653d79e5112)] -> xpath: //button[@type='submit']]
2023-02-07 13:02:83 INFO  LoginPage :45 - click on Admin tab[[ChromeDriver: chrome on WINDOWS (91b67fa555c0a232c9757653d79e5112)] -> xpath: //ul[@class='oxd-main-menu']/li[1]/a[1]/span]
2023-02-07 13:02:66 INFO  LoginPage :65 - clicking on status dropdown[[ChromeDriver: chrome on WINDOWS (91b67fa555c0a232c9757653d79e5112)] -> xpath: //*[@id="app"]/div[1]/div[2]/div[2]/div/div[1]/div[2]/form/div[1]/div/div[4]/div/div[2]/div/div/div[2]/i]
2023-02-07 13:02:524 INFO  LoginPage :41 - Click on login button[[ChromeDriver: chrome on WINDOWS (03867b65359044912e7b095cefcc35cd)] -> xpath: //button[@type='submit']]
2023-02-07 13:02:537 INFO  LoginPage :45 - click on Admin tab[[ChromeDriver: chrome on WINDOWS (03867b65359044912e7b095cefcc35cd)] -> xpath: //ul[@class='oxd-main-menu']/li[1]/a[1]/span]
2023-02-07 13:02:173 INFO  LoginPage :65 - clicking on status dropdown[[ChromeDriver: chrome on WINDOWS (03867b65359044912e7b095cefcc35cd)] -> xpath: //*[@id="app"]/div[1]/div[2]/div[2]/div/div[1]/div[2]/form/div[1]/div/div[4]/div/div[2]/div/div/div[2]/i]
2023-02-07 13:02:712 INFO  LoginPage :41 - Click on login button[[ChromeDriver: chrome on WINDOWS (2226526728278c51a81b5c2fb4846c7f)] -> xpath: //button[@type='submit']]
2023-02-07 13:02:790 INFO  LoginPage :45 - click on Admin tab[[ChromeDriver: chrome on WINDOWS (2226526728278c51a81b5c2fb4846c7f)] -> xpath: //ul[@class='oxd-main-menu']/li[1]/a[1]/span]
2023-02-07 13:02:161 INFO  LoginPage :65 - clicking on status dropdown[[ChromeDriver: chrome on WINDOWS (2226526728278c51a81b5c2fb4846c7f)] -> xpath: //*[@id="app"]/div[1]/div[2]/div[2]/div/div[1]/div[2]/form/div[1]/div/div[4]/div/div[2]/div/div/div[2]/i]
